<?xml version="1.0" encoding="UTF-8"?>
<!-- Generated by org.testng.reporters.JUnitReportReporter -->
<testsuite skipped="0" hostname="DIN22008155" name="Academy.HomePage" tests="2" failures="0" timestamp="2020-02-25T15:26:07 IST" time="26.217" errors="0">
  <testcase name="basePageNavigation" time="5.292" classname="Academy.HomePage"/>
  <system-out/>
  <testcase name="basePageNavigation" time="20.925" classname="Academy.HomePage"/>
  <system-out/>
</testsuite> <!-- Academy.HomePage -->
