<?xml version="1.0" encoding="UTF-8"?>
<!-- Generated by org.testng.reporters.JUnitReportReporter -->
<testsuite skipped="0" hostname="DIN22008155" name="Academy.HomePage" tests="2" failures="0" timestamp="2020-02-25T12:42:35 IST" time="37.542" errors="0">
  <testcase name="basePageNavigation" time="19.356" classname="Academy.HomePage"/>
  <system-out/>
  <testcase name="basePageNavigation" time="18.186" classname="Academy.HomePage"/>
  <system-out/>
</testsuite> <!-- Academy.HomePage -->
